
**** Build of configuration Debug for project lab_4 ****

"C:\\ti\\ccs1230\\ccs\\utils\\bin\\gmake" -k -j 20 all -O 
 
Building target: "lab_4.out"
Invoking: Arm Linker
"C:/ti/ccs1230/ccs/tools/compiler/ti-cgt-arm_20.2.7.LTS/bin/armcl" -mv7M4 --code_state=16 --float_support=FPv4SPD16 -me --define=ccs="ccs" --define=PART_TM4C123GH6PM -g --gcc --diag_warning=225 --diag_wrap=off --display_error_number --abi=eabi -z -m"lab_4.map" --heap_size=1024 --stack_size=2048 -i"C:/ti/ccs1230/ccs/tools/compiler/ti-cgt-arm_20.2.7.LTS/lib" -i"C:/ti/ccs1230/ccs/tools/compiler/ti-cgt-arm_20.2.7.LTS/include" --reread_libs --diag_wrap=off --display_error_number --warn_sections --xml_link_info="lab_4_linkInfo.xml" --rom_model -o "lab_4.out" "./Timer.obj" "./button.obj" "./lab4_template.obj" "./lcd.obj" "./tm4c123gh6pm_startup_ccs.obj" "../libcybotScan.lib" "../tm4c123gh6pm.cmd"  -l"C:/ti/TivaWare_C_Series-2.2.0.295/driverlib/ccs/Debug/driverlib.lib" -llibc.a 
<Linking>
 
 undefined       first referenced   
  symbol             in file        
 ---------       ----------------   
 cyBot_sendByte  ./lab4_template.obj
 cyBot_uart_init ./lab4_template.obj
 
error #10234-D: unresolved symbols remain
 
error #10010: errors encountered during linking; "lab_4.out" not built
>> Compilation failure
makefile:141: recipe for target 'lab_4.out' failed
gmake[1]: *** [lab_4.out] Error 1
gmake: *** [all] Error 2
makefile:137: recipe for target 'all' failed

**** Build Finished ****
