
**** Build of configuration Debug for project lab_02 ****

"C:\\ti\\ccs1230\\ccs\\utils\\bin\\gmake" -k -j 20 all -O 
 
Building target: "lab_02.out"
Invoking: Arm Linker
"C:/ti/ccs1230/ccs/tools/compiler/ti-cgt-arm_20.2.7.LTS/bin/armcl" -mv7M4 --code_state=16 --float_support=FPv4SPD16 -me --define=ccs="ccs" --define=PART_TM4C123GH6PM -g --gcc --diag_warning=225 --diag_wrap=off --display_error_number --abi=eabi -z -m"lab_02.map" --heap_size=1024 --stack_size=2048 -i"C:/ti/ccs1230/ccs/tools/compiler/ti-cgt-arm_20.2.7.LTS/lib" -i"C:/ti/ccs1230/ccs/tools/compiler/ti-cgt-arm_20.2.7.LTS/include" --reread_libs --diag_wrap=off --display_error_number --warn_sections --xml_link_info="lab_02_linkInfo.xml" --rom_model -o "lab_02.out" "./Timer.obj" "./lcd.obj" "./open_interface.obj" "./tm4c123gh6pm_startup_ccs.obj" "../libcybotUART.lib" "../tm4c123gh6pm.cmd"  -llibc.a -l"C:/ti/TivaWare_C_Series-2.2.0.295/driverlib/ccs/Debug/driverlib.lib" 
<Linking>
 
 undefined first referenced                                                                                             
  symbol       in file                                                                                                  
 --------- ----------------                                                                                             
 main      C:\ti\ccs1230\ccs\tools\compiler\ti-cgt-arm_20.2.7.LTS\lib\rtsv7M4_T_le_v4SPD16_eabi.lib<boot_cortex_m.c.obj>
 
error #10234-D: unresolved symbols remain
error #10010: errors encountered during linking; "lab_02.out" not built
 
>> Compilation failure
makefile:140: recipe for target 'lab_02.out' failed
gmake[1]: *** [lab_02.out] Error 1
gmake: *** [all] Error 2
makefile:136: recipe for target 'all' failed

**** Build Finished ****
