
**** Build of configuration Debug for project Scaning ****

"C:\\ti\\ccs1230\\ccs\\utils\\bin\\gmake" -k -j 20 all -O 
 
Building file: "../scan&sendData.c"
Invoking: Arm Compiler
"C:/ti/ccs1230/ccs/tools/compiler/ti-cgt-arm_20.2.7.LTS/bin/armcl" -mv7M4 --code_state=16 --float_support=FPv4SPD16 -me --include_path="U:/CPRE288_F2023/Scaning" --include_path="C:/ti/TivaWare_C_Series-2.2.0.295" --include_path="C:/ti/ccs1230/ccs/tools/compiler/ti-cgt-arm_20.2.7.LTS/include" --define=ccs="ccs" --define=PART_TM4C123GH6PM -g --gcc --diag_warning=225 --diag_wrap=off --display_error_number --abi=eabi --preproc_with_compile --preproc_dependency="scan&sendData.d_raw"  "../scan&sendData.c"
 
>> Compilation failure
subdir_rules.mk:9: recipe for target 'scan&sendData.obj' failed
"../scan&sendData.c", line 18: warning #21-D: type qualifiers are meaningless in this declaration
"../scan&sendData.c", line 42: error #66: expected a ";"
"../scan&sendData.c", line 76: error #20: identifier "data" is undefined
"../scan&sendData.c", line 76: warning #225-D: function "adc_read" declared implicitly
"../scan&sendData.c", line 77: error #20: identifier "dist" is undefined
"../scan&sendData.c", line 99: error #20: identifier "obj" is undefined
"../scan&sendData.c", line 117: error #20: identifier "smallWidth" is undefined
"../scan&sendData.c", line 131: error #29: expected an expression
"../scan&sendData.c", line 131: error #66: expected a ";"
"../scan&sendData.c", line 159: warning #112-D: statement is unreachable
7 errors detected in the compilation of "../scan&sendData.c".
gmake: *** [scan&sendData.obj] Error 1
gmake: Target 'all' not remade because of errors.

**** Build Finished ****
